<?xml version="1.0" encoding="UTF-8"?>
<testng-results ignored="0" total="2" passed="2" failed="0" skipped="0">
  <reporter-output>
  </reporter-output>
  <suite started-at="2024-04-26T08:54:42 BRT" name="Default Suite" finished-at="2024-04-26T08:54:43 BRT" duration-ms="823">
    <groups>
    </groups>
    <test started-at="2024-04-26T08:54:42 BRT" name="RestAssuredStudies" finished-at="2024-04-26T08:54:43 BRT" duration-ms="823">
      <class name="APITests">
        <test-method signature="testBDDExample()[pri:0, instance:APITests@367ffa75]" started-at="2024-04-26T08:54:42 BRT" name="testBDDExample" finished-at="2024-04-26T08:54:43 BRT" duration-ms="628" status="PASS">
          <reporter-output>
          </reporter-output>
        </test-method> <!-- testBDDExample -->
        <test-method signature="testExample()[pri:0, instance:APITests@367ffa75]" started-at="2024-04-26T08:54:43 BRT" name="testExample" finished-at="2024-04-26T08:54:43 BRT" duration-ms="181" status="PASS">
          <reporter-output>
          </reporter-output>
        </test-method> <!-- testExample -->
      </class> <!-- APITests -->
    </test> <!-- RestAssuredStudies -->
  </suite> <!-- Default Suite -->
</testng-results>
